<?xml version="1.0" encoding="UTF-8"?>
<!-- Generated by org.testng.reporters.JUnitReportReporter -->
<testsuite skipped="0" hostname="DESKTOP-1MH5N58" name="com.reatilapp.tests.LoginTest" tests="4" failures="0" timestamp="24 Jul 2018 09:10:24 GMT" time="4.666" errors="0">
  <testcase name="doLogin" time="2.465" classname="com.reatilapp.tests.LoginTest"/>
  <testcase name="doLogin" time="0.696" classname="com.reatilapp.tests.LoginTest"/>
  <testcase name="doLogin" time="0.806" classname="com.reatilapp.tests.LoginTest"/>
  <testcase name="doLogin" time="0.699" classname="com.reatilapp.tests.LoginTest"/>
</testsuite> <!-- com.reatilapp.tests.LoginTest -->
