<?xml version="1.0" encoding="UTF-8"?>
<!-- Generated by org.testng.reporters.JUnitReportReporter -->
<testsuite skipped="0" hostname="DESKTOP-1MH5N58" name="com.retailapp.tests.LoginTest1" tests="1" failures="0" timestamp="24 Jul 2018 11:23:43 GMT" time="2.063" errors="0">
  <testcase name="retailLogin" time="2.063" classname="com.retailapp.tests.LoginTest1"/>
</testsuite> <!-- com.retailapp.tests.LoginTest1 -->
