<?xml version="1.0" encoding="UTF-8"?>
<!-- Generated by org.testng.reporters.JUnitReportReporter -->
<testsuite skipped="0" hostname="DESKTOP-1MH5N58" name="com.retailapp.tests.AddProduct" tests="1" failures="0" timestamp="26 Jul 2018 05:36:03 GMT" time="1.617" errors="0">
  <testcase name="addprod" time="1.617" classname="com.retailapp.tests.AddProduct"/>
</testsuite> <!-- com.retailapp.tests.AddProduct -->
