<?xml version="1.0" encoding="UTF-8"?>
<!-- Generated by org.testng.reporters.JUnitReportReporter -->
<testsuite skipped="0" hostname="DESKTOP-1MH5N58" name="com.reatilapp.tests.AddCategoryTest" tests="1" failures="0" timestamp="04 Jul 2018 06:14:37 GMT" time="1.854" errors="0">
  <testcase name="addCat" time="1.854" classname="com.reatilapp.tests.AddCategoryTest"/>
</testsuite> <!-- com.reatilapp.tests.AddCategoryTest -->
