<?xml version="1.0" encoding="UTF-8"?>
<!-- Generated by org.testng.reporters.JUnitReportReporter -->
<testsuite skipped="0" hostname="DESKTOP-1MH5N58" name="com.reatilapp.tests.AddProductTest" tests="1" failures="0" timestamp="04 Jul 2018 06:21:14 GMT" time="1.758" errors="0">
  <testcase name="addProduct" time="1.758" classname="com.reatilapp.tests.AddProductTest"/>
</testsuite> <!-- com.reatilapp.tests.AddProductTest -->
