<?xml version="1.0" encoding="UTF-8"?>
<!-- Generated by org.testng.reporters.JUnitReportReporter -->
<testsuite skipped="0" hostname="DESKTOP-1MH5N58" name="com.reatilapp.tests.AddCategory" tests="3" failures="0" timestamp="24 Jul 2018 09:12:39 GMT" time="1.270" errors="0">
  <testcase name="addCat" time="0.015" classname="com.reatilapp.tests.AddCategory"/>
  <testcase name="addCat" time="0.047" classname="com.reatilapp.tests.AddCategory"/>
  <testcase name="addCat" time="1.208" classname="com.reatilapp.tests.AddCategory"/>
</testsuite> <!-- com.reatilapp.tests.AddCategory -->
