<?xml version="1.0" encoding="UTF-8"?>
<!-- Generated by org.testng.reporters.JUnitReportReporter -->
<testsuite skipped="0" hostname="DESKTOP-1MH5N58" name="com.reatilapp.tests.AddProduct" tests="1" failures="0" timestamp="13 Oct 2018 13:08:02 GMT" time="1.840" errors="0">
  <testcase name="addprod" time="1.840" classname="com.reatilapp.tests.AddProduct"/>
</testsuite> <!-- com.reatilapp.tests.AddProduct -->
