<?xml version="1.0" encoding="UTF-8"?>
<!-- Generated by org.testng.reporters.JUnitReportReporter -->
<testsuite skipped="0" hostname="DESKTOP-1MH5N58" name="com.retailapp.tests.AddCategory" tests="3" failures="0" timestamp="26 Jul 2018 05:37:13 GMT" time="0.122" errors="0">
  <testcase name="addCat" time="0.024" classname="com.retailapp.tests.AddCategory"/>
  <testcase name="addCat" time="0.071" classname="com.retailapp.tests.AddCategory"/>
  <testcase name="addCat" time="0.027" classname="com.retailapp.tests.AddCategory"/>
</testsuite> <!-- com.retailapp.tests.AddCategory -->
