<?xml version="1.0" encoding="UTF-8"?>
<!-- Generated by org.testng.reporters.JUnitReportReporter -->
<testsuite skipped="0" hostname="DESKTOP-1MH5N58" name="com.retailapp.tests.LoginTest" tests="3" failures="0" timestamp="26 Jul 2018 12:35:00 GMT" time="3.801" errors="0">
  <testcase name="doLogin" time="0.837" classname="com.retailapp.tests.LoginTest"/>
  <testcase name="doLogin" time="2.256" classname="com.retailapp.tests.LoginTest"/>
  <testcase name="doLogin" time="0.708" classname="com.retailapp.tests.LoginTest"/>
</testsuite> <!-- com.retailapp.tests.LoginTest -->
